

Microchip MPLAB XC8 Assembler V2.05 build -831301201 
                                                                                               Tue Sep 03 22:01:39 2019

Microchip MPLAB XC8 C Compiler v2.05 (Free license) build 20181220022703 Og9 
     1                           	processor	16F877A
     2                           	opt	pw 120
     3                           	opt	flic
     4                           	psect	cinit,global,class=CODE,merge=1,delta=2
     5                           	psect	cstackCOMMON,global,class=COMMON,space=1,delta=1
     6                           	psect	maintext,global,class=CODE,split=1,delta=2
     7                           	psect	text1,local,class=CODE,merge=1,delta=2
     8                           	psect	text2,local,class=CODE,merge=1,delta=2
     9                           	psect	text3,local,class=CODE,merge=1,delta=2,group=1
    10                           	psect	text4,local,class=CODE,merge=1,delta=2
    11                           	dabs	1,0x7E,2
    12  0000                     
    13                           ; Version 2.05
    14                           ; Generated 20/12/2018 GMT
    15                           ; 
    16                           ; Copyright © 2018, Microchip Technology Inc. and its subsidiaries ("Microchip")
    17                           ; All rights reserved.
    18                           ; 
    19                           ; This software is developed by Microchip Technology Inc. and its subsidiaries ("Microch
      +                          ip").
    20                           ; 
    21                           ; Redistribution and use in source and binary forms, with or without modification, are
    22                           ; permitted provided that the following conditions are met:
    23                           ; 
    24                           ;     1. Redistributions of source code must retain the above copyright notice, this lis
      +                          t of
    25                           ;        conditions and the following disclaimer.
    26                           ; 
    27                           ;     2. Redistributions in binary form must reproduce the above copyright notice, this 
      +                          list
    28                           ;        of conditions and the following disclaimer in the documentation and/or other
    29                           ;        materials provided with the distribution.
    30                           ; 
    31                           ;     3. Microchip's name may not be used to endorse or promote products derived from th
      +                          is
    32                           ;        software without specific prior written permission.
    33                           ; 
    34                           ; THIS SOFTWARE IS PROVIDED BY MICROCHIP "AS IS" AND ANY EXPRESS OR IMPLIED WARRANTIES,
    35                           ; INCLUDING, BUT NOT LIMITED TO, THE IMPLIED WARRANTIES OF MERCHANTABILITY AND FITNESS F
      +                          OR
    36                           ; PURPOSE ARE DISCLAIMED.  IN NO EVENT SHALL MICROCHIP BE LIABLE FOR ANY DIRECT, INDIREC
      +                          T,
    37                           ; INCIDENTAL, SPECIAL, EXEMPLARY, OR CONSEQUENTIAL DAMAGES (INCLUDING BUT NOT LIMITED TO
    38                           ; PROCUREMENT OF SUBSTITUTE GOODS OR SERVICES; LOSS OF USE, DATA OR PROFITS; OR BUSINESS
    39                           ; INTERRUPTION) HOWSOEVER CAUSED AND ON ANY THEORY OF LIABILITY, WHETHER IN CONTRACT, ST
      +                          RICT
    40                           ; LIABILITY, OR TORT (INCLUDING NEGLIGENCE OR OTHERWISE) ARISING IN ANY WAY OUT OF THE U
      +                          SE OF
    41                           ; THIS SOFTWARE, EVEN IF ADVISED OF THE POSSIBILITY OF SUCH DAMAGE.
    42                           ; 
    43                           ; 
    44                           ; Code-generator required, PIC16F877A Definitions
    45                           ; 
    46                           ; SFR Addresses
    47  0000                     	;# 
    48  0001                     	;# 
    49  0002                     	;# 
    50  0003                     	;# 
    51  0004                     	;# 
    52  0005                     	;# 
    53  0006                     	;# 
    54  0007                     	;# 
    55  0008                     	;# 
    56  0009                     	;# 
    57  000A                     	;# 
    58  000B                     	;# 
    59  000C                     	;# 
    60  000D                     	;# 
    61  000E                     	;# 
    62  000E                     	;# 
    63  000F                     	;# 
    64  0010                     	;# 
    65  0011                     	;# 
    66  0012                     	;# 
    67  0013                     	;# 
    68  0014                     	;# 
    69  0015                     	;# 
    70  0015                     	;# 
    71  0016                     	;# 
    72  0017                     	;# 
    73  0018                     	;# 
    74  0019                     	;# 
    75  001A                     	;# 
    76  001B                     	;# 
    77  001B                     	;# 
    78  001C                     	;# 
    79  001D                     	;# 
    80  001E                     	;# 
    81  001F                     	;# 
    82  0081                     	;# 
    83  0085                     	;# 
    84  0086                     	;# 
    85  0087                     	;# 
    86  0088                     	;# 
    87  0089                     	;# 
    88  008C                     	;# 
    89  008D                     	;# 
    90  008E                     	;# 
    91  0091                     	;# 
    92  0092                     	;# 
    93  0093                     	;# 
    94  0094                     	;# 
    95  0098                     	;# 
    96  0099                     	;# 
    97  009C                     	;# 
    98  009D                     	;# 
    99  009E                     	;# 
   100  009F                     	;# 
   101  010C                     	;# 
   102  010D                     	;# 
   103  010E                     	;# 
   104  010F                     	;# 
   105  018C                     	;# 
   106  018D                     	;# 
   107  0000                     	;# 
   108  0001                     	;# 
   109  0002                     	;# 
   110  0003                     	;# 
   111  0004                     	;# 
   112  0005                     	;# 
   113  0006                     	;# 
   114  0007                     	;# 
   115  0008                     	;# 
   116  0009                     	;# 
   117  000A                     	;# 
   118  000B                     	;# 
   119  000C                     	;# 
   120  000D                     	;# 
   121  000E                     	;# 
   122  000E                     	;# 
   123  000F                     	;# 
   124  0010                     	;# 
   125  0011                     	;# 
   126  0012                     	;# 
   127  0013                     	;# 
   128  0014                     	;# 
   129  0015                     	;# 
   130  0015                     	;# 
   131  0016                     	;# 
   132  0017                     	;# 
   133  0018                     	;# 
   134  0019                     	;# 
   135  001A                     	;# 
   136  001B                     	;# 
   137  001B                     	;# 
   138  001C                     	;# 
   139  001D                     	;# 
   140  001E                     	;# 
   141  001F                     	;# 
   142  0081                     	;# 
   143  0085                     	;# 
   144  0086                     	;# 
   145  0087                     	;# 
   146  0088                     	;# 
   147  0089                     	;# 
   148  008C                     	;# 
   149  008D                     	;# 
   150  008E                     	;# 
   151  0091                     	;# 
   152  0092                     	;# 
   153  0093                     	;# 
   154  0094                     	;# 
   155  0098                     	;# 
   156  0099                     	;# 
   157  009C                     	;# 
   158  009D                     	;# 
   159  009E                     	;# 
   160  009F                     	;# 
   161  010C                     	;# 
   162  010D                     	;# 
   163  010E                     	;# 
   164  010F                     	;# 
   165  018C                     	;# 
   166  018D                     	;# 
   167  0008                     _PORTD	set	8
   168  001E                     _ADRESH	set	30
   169  001F                     _ADCON0	set	31
   170  00FA                     _GO_nDONE	set	250
   171  0088                     _TRISD	set	136
   172  0085                     _TRISA	set	133
   173  009E                     _ADRESL	set	158
   174  009F                     _ADCON1	set	159
   175                           
   176                           	psect	cinit
   177  07FC                     start_initialization:	
   178                           ; #config settings
   179                           
   180  07FC                     __initialization:	
   181  07FC                     end_of_initialization:	
   182                           ;End of C runtime variable initialization code
   183                           
   184  07FC                     __end_of__initialization:	
   185  07FC  0183               	clrf	3
   186  07FD  120A  118A  2F36   	ljmp	_main	;jump to C main() function
   187                           
   188                           	psect	cstackCOMMON
   189  0070                     __pcstackCOMMON:	
   190  0070                     ?_ADC_inicio:	
   191  0070                     ??_ADC_inicio:	
   192                           ; 1 bytes @ 0x0
   193                           
   194  0070                     ?_inicializacao:	
   195                           ; 1 bytes @ 0x0
   196                           
   197  0070                     ??_inicializacao:	
   198                           ; 1 bytes @ 0x0
   199                           
   200  0070                     ?_main:	
   201                           ; 1 bytes @ 0x0
   202                           
   203  0070                     ?_ADC_leitura:	
   204                           ; 1 bytes @ 0x0
   205                           
   206  0070                     ?___wmul:	
   207                           ; 2 bytes @ 0x0
   208                           
   209  0070                     ___wmul@multiplier:	
   210                           ; 2 bytes @ 0x0
   211                           
   212                           
   213                           ; 2 bytes @ 0x0
   214  0070                     	ds	2
   215  0072                     ??_ADC_leitura:	
   216  0072                     ___wmul@multiplicand:	
   217                           ; 1 bytes @ 0x2
   218                           
   219                           
   220                           ; 2 bytes @ 0x2
   221  0072                     	ds	2
   222  0074                     ??___wmul:	
   223  0074                     ADC_leitura@leitura:	
   224                           ; 1 bytes @ 0x4
   225                           
   226  0074                     ___wmul@product:	
   227                           ; 2 bytes @ 0x4
   228                           
   229                           
   230                           ; 2 bytes @ 0x4
   231  0074                     	ds	2
   232  0076                     ADC_leitura@canal:	
   233                           
   234                           ; 1 bytes @ 0x6
   235  0076                     	ds	1
   236  0077                     ??_main:	
   237                           
   238                           ; 1 bytes @ 0x7
   239  0077                     	ds	3
   240  007A                     main@leitura:	
   241                           
   242                           ; 2 bytes @ 0xA
   243  007A                     	ds	2
   244  007C                     main@aux:	
   245                           
   246                           ; 2 bytes @ 0xC
   247  007C                     	ds	2
   248                           
   249                           	psect	maintext
   250  0736                     __pmaintext:	
   251 ;;
   252 ;;Main: autosize = 0, tempsize = 3, incstack = 0, save=0
   253 ;;
   254 ;; *************** function _main *****************
   255 ;; Defined at:
   256 ;;		line 28 in file "newfile.c"
   257 ;; Parameters:    Size  Location     Type
   258 ;;		None
   259 ;; Auto vars:     Size  Location     Type
   260 ;;  aux             2   12[COMMON] unsigned int 
   261 ;;  leitura         2   10[COMMON] unsigned int 
   262 ;; Return value:  Size  Location     Type
   263 ;;                  1    wreg      void 
   264 ;; Registers used:
   265 ;;		wreg, status,2, status,0, pclath, cstack
   266 ;; Tracked objects:
   267 ;;		On entry : B00/0
   268 ;;		On exit  : 0/0
   269 ;;		Unchanged: 0/0
   270 ;; Data sizes:     COMMON   BANK0   BANK1   BANK3   BANK2
   271 ;;      Params:         0       0       0       0       0
   272 ;;      Locals:         4       0       0       0       0
   273 ;;      Temps:          3       0       0       0       0
   274 ;;      Totals:         7       0       0       0       0
   275 ;;Total ram usage:        7 bytes
   276 ;; Hardware stack levels required when called:    2
   277 ;; This function calls:
   278 ;;		_ADC_leitura
   279 ;;		___wmul
   280 ;;		_inicializacao
   281 ;; This function is called by:
   282 ;;		Startup code after reset
   283 ;; This function uses a non-reentrant model
   284 ;;
   285                           
   286                           
   287                           ;psect for function _main
   288  0736                     _main:	
   289                           
   290                           ;newfile.c: 29: unsigned int leitura;;newfile.c: 30: unsigned int aux = 128;
   291                           
   292                           ;incstack = 0
   293                           ; Regs used in _main: [wreg+status,2+status,0+pclath+cstack]
   294  0736  3080               	movlw	128
   295  0737  00FC               	movwf	main@aux
   296  0738  3000               	movlw	0
   297  0739  00FD               	movwf	main@aux+1
   298                           
   299                           ;newfile.c: 31: inicializacao();
   300  073A  120A  118A  26E3  120A  118A  	fcall	_inicializacao
   301  073F                     l684:	
   302                           
   303                           ;newfile.c: 33: leitura = ADC_leitura(2);
   304  073F  3002               	movlw	2
   305  0740  120A  118A  270C  120A  118A  	fcall	_ADC_leitura
   306  0745  0871               	movf	?_ADC_leitura+1,w
   307  0746  00FB               	movwf	main@leitura+1
   308  0747  0870               	movf	?_ADC_leitura,w
   309  0748  00FA               	movwf	main@leitura
   310                           
   311                           ;newfile.c: 34: if (leitura <= aux){
   312  0749  087B               	movf	main@leitura+1,w
   313  074A  027D               	subwf	main@aux+1,w
   314  074B  1D03               	skipz
   315  074C  2F4F               	goto	u215
   316  074D  087A               	movf	main@leitura,w
   317  074E  027C               	subwf	main@aux,w
   318  074F                     u215:	
   319  074F  1C03               	skipc
   320  0750  2F53               	goto	l688
   321                           
   322                           ;newfile.c: 35: PORTD = 0b00000001;
   323  0751  3001               	movlw	1
   324  0752  2F63               	goto	L1
   325  0753                     l688:	
   326                           ;newfile.c: 36: }
   327                           
   328                           
   329                           ;newfile.c: 37: else if(leitura<=aux*2){
   330  0753  087D               	movf	main@aux+1,w
   331  0754  00F8               	movwf	??_main+1
   332  0755  087C               	movf	main@aux,w
   333  0756  00F7               	movwf	??_main
   334  0757  1003               	clrc
   335  0758  0DF7               	rlf	??_main,f
   336  0759  0DF8               	rlf	??_main+1,f
   337  075A  087B               	movf	main@leitura+1,w
   338  075B  0278               	subwf	??_main+1,w
   339  075C  1D03               	skipz
   340  075D  2F60               	goto	u225
   341  075E  087A               	movf	main@leitura,w
   342  075F  0277               	subwf	??_main,w
   343  0760                     u225:	
   344  0760  1C03               	skipc
   345  0761  2F65               	goto	l692
   346                           
   347                           ;newfile.c: 38: PORTD = 0b00000011;
   348  0762  3003               	movlw	3
   349  0763                     L1:	
   350  0763  1283               	bcf	3,5	;RP0=0, select bank0
   351  0764  2FED               	goto	L7
   352  0765                     l692:	
   353                           ;newfile.c: 39: }
   354                           
   355                           
   356                           ;newfile.c: 40: else if(leitura<=aux*3){
   357  0765  087D               	movf	main@aux+1,w
   358  0766  00F1               	movwf	___wmul@multiplier+1
   359  0767  087C               	movf	main@aux,w
   360  0768  00F0               	movwf	___wmul@multiplier
   361  0769  3003               	movlw	3
   362  076A  00F2               	movwf	___wmul@multiplicand
   363  076B  3000               	movlw	0
   364  076C  00F3               	movwf	___wmul@multiplicand+1
   365  076D  120A  118A  26EB  120A  118A  	fcall	___wmul
   366  0772  087B               	movf	main@leitura+1,w
   367  0773  0271               	subwf	?___wmul+1,w
   368  0774  1D03               	skipz
   369  0775  2F78               	goto	u235
   370  0776  087A               	movf	main@leitura,w
   371  0777  0270               	subwf	?___wmul,w
   372  0778                     u235:	
   373  0778  1C03               	skipc
   374  0779  2F7C               	goto	l696
   375                           
   376                           ;newfile.c: 41: PORTD = 0b00000111;
   377  077A  3007               	movlw	7
   378  077B  2FEB               	goto	L8
   379  077C                     l696:	
   380                           ;newfile.c: 42: }
   381                           
   382                           
   383                           ;newfile.c: 43: else if(leitura<=aux*4){
   384  077C  087D               	movf	main@aux+1,w
   385  077D  00F8               	movwf	??_main+1
   386  077E  087C               	movf	main@aux,w
   387  077F  00F7               	movwf	??_main
   388  0780  1003               	clrc
   389  0781  0DF7               	rlf	??_main,f
   390  0782  0DF8               	rlf	??_main+1,f
   391  0783  1003               	clrc
   392  0784  0DF7               	rlf	??_main,f
   393  0785  0DF8               	rlf	??_main+1,f
   394  0786  087B               	movf	main@leitura+1,w
   395  0787  0278               	subwf	??_main+1,w
   396  0788  1D03               	skipz
   397  0789  2F8C               	goto	u245
   398  078A  087A               	movf	main@leitura,w
   399  078B  0277               	subwf	??_main,w
   400  078C                     u245:	
   401  078C  1C03               	skipc
   402  078D  2F90               	goto	l700
   403                           
   404                           ;newfile.c: 44: PORTD = 0b00001111;
   405  078E  300F               	movlw	15
   406  078F  2FEB               	goto	L8
   407  0790                     l700:	
   408                           ;newfile.c: 45: }
   409                           
   410                           
   411                           ;newfile.c: 46: else if(leitura<=aux*5){
   412  0790  087D               	movf	main@aux+1,w
   413  0791  00F1               	movwf	___wmul@multiplier+1
   414  0792  087C               	movf	main@aux,w
   415  0793  00F0               	movwf	___wmul@multiplier
   416  0794  3005               	movlw	5
   417  0795  00F2               	movwf	___wmul@multiplicand
   418  0796  3000               	movlw	0
   419  0797  00F3               	movwf	___wmul@multiplicand+1
   420  0798  120A  118A  26EB  120A  118A  	fcall	___wmul
   421  079D  087B               	movf	main@leitura+1,w
   422  079E  0271               	subwf	?___wmul+1,w
   423  079F  1D03               	skipz
   424  07A0  2FA3               	goto	u255
   425  07A1  087A               	movf	main@leitura,w
   426  07A2  0270               	subwf	?___wmul,w
   427  07A3                     u255:	
   428  07A3  1C03               	skipc
   429  07A4  2FA7               	goto	l704
   430                           
   431                           ;newfile.c: 47: PORTD = 0b00011111;
   432  07A5  301F               	movlw	31
   433  07A6  2FEB               	goto	L8
   434  07A7                     l704:	
   435                           ;newfile.c: 48: }
   436                           
   437                           
   438                           ;newfile.c: 49: else if(leitura<=aux*6){
   439  07A7  087D               	movf	main@aux+1,w
   440  07A8  00F1               	movwf	___wmul@multiplier+1
   441  07A9  087C               	movf	main@aux,w
   442  07AA  00F0               	movwf	___wmul@multiplier
   443  07AB  3006               	movlw	6
   444  07AC  00F2               	movwf	___wmul@multiplicand
   445  07AD  3000               	movlw	0
   446  07AE  00F3               	movwf	___wmul@multiplicand+1
   447  07AF  120A  118A  26EB  120A  118A  	fcall	___wmul
   448  07B4  087B               	movf	main@leitura+1,w
   449  07B5  0271               	subwf	?___wmul+1,w
   450  07B6  1D03               	skipz
   451  07B7  2FBA               	goto	u265
   452  07B8  087A               	movf	main@leitura,w
   453  07B9  0270               	subwf	?___wmul,w
   454  07BA                     u265:	
   455  07BA  1C03               	skipc
   456  07BB  2FBE               	goto	l708
   457                           
   458                           ;newfile.c: 50: PORTD = 0b00111111;
   459  07BC  303F               	movlw	63
   460  07BD  2FEB               	goto	L8
   461  07BE                     l708:	
   462                           ;newfile.c: 51: }
   463                           
   464                           
   465                           ;newfile.c: 52: else if(leitura<=aux*7){
   466  07BE  087D               	movf	main@aux+1,w
   467  07BF  00F1               	movwf	___wmul@multiplier+1
   468  07C0  087C               	movf	main@aux,w
   469  07C1  00F0               	movwf	___wmul@multiplier
   470  07C2  3007               	movlw	7
   471  07C3  00F2               	movwf	___wmul@multiplicand
   472  07C4  3000               	movlw	0
   473  07C5  00F3               	movwf	___wmul@multiplicand+1
   474  07C6  120A  118A  26EB  120A  118A  	fcall	___wmul
   475  07CB  087B               	movf	main@leitura+1,w
   476  07CC  0271               	subwf	?___wmul+1,w
   477  07CD  1D03               	skipz
   478  07CE  2FD1               	goto	u275
   479  07CF  087A               	movf	main@leitura,w
   480  07D0  0270               	subwf	?___wmul,w
   481  07D1                     u275:	
   482  07D1  1C03               	skipc
   483  07D2  2FD5               	goto	l712
   484                           
   485                           ;newfile.c: 53: PORTD = 0b01111111;
   486  07D3  307F               	movlw	127
   487  07D4  2FEB               	goto	L8
   488  07D5                     l712:	
   489                           ;newfile.c: 54: }
   490                           
   491                           
   492                           ;newfile.c: 55: else if(leitura<=aux*8){
   493  07D5  087D               	movf	main@aux+1,w
   494  07D6  00F8               	movwf	??_main+1
   495  07D7  087C               	movf	main@aux,w
   496  07D8  00F7               	movwf	??_main
   497  07D9  1003               	clrc
   498  07DA  0DF7               	rlf	??_main,f
   499  07DB  0DF8               	rlf	??_main+1,f
   500  07DC  1003               	clrc
   501  07DD  0DF7               	rlf	??_main,f
   502  07DE  0DF8               	rlf	??_main+1,f
   503  07DF  1003               	clrc
   504  07E0  0DF7               	rlf	??_main,f
   505  07E1  0DF8               	rlf	??_main+1,f
   506  07E2  087B               	movf	main@leitura+1,w
   507  07E3  0278               	subwf	??_main+1,w
   508  07E4  1D03               	skipz
   509  07E5  2FE8               	goto	u285
   510  07E6  087A               	movf	main@leitura,w
   511  07E7  0277               	subwf	??_main,w
   512  07E8                     u285:	
   513  07E8  1C03               	skipc
   514  07E9  2FEE               	goto	l37
   515                           
   516                           ;newfile.c: 56: PORTD = 0b11111111;
   517  07EA  30FF               	movlw	255
   518  07EB                     L8:	
   519  07EB  1283               	bcf	3,5	;RP0=0, select bank0
   520  07EC  1303               	bcf	3,6	;RP1=0, select bank0
   521  07ED                     L7:	
   522  07ED  0088               	movwf	8	;volatile
   523  07EE                     l37:	
   524                           
   525                           ;newfile.c: 57: };newfile.c: 58: _delay((unsigned long)((100)*(20000000/4000.0)));
   526  07EE  3003               	movlw	3
   527  07EF  00F9               	movwf	??_main+2
   528  07F0  308A               	movlw	138
   529  07F1  00F8               	movwf	??_main+1
   530  07F2  3055               	movlw	85
   531  07F3  00F7               	movwf	??_main
   532  07F4                     u297:	
   533  07F4  0BF7               	decfsz	??_main,f
   534  07F5  2FF4               	goto	u297
   535  07F6  0BF8               	decfsz	??_main+1,f
   536  07F7  2FF4               	goto	u297
   537  07F8  0BF9               	decfsz	??_main+2,f
   538  07F9  2FF4               	goto	u297
   539  07FA  2FFB               	nop2
   540  07FB  2F3F               	goto	l684
   541  07FC                     __end_of_main:	
   542                           
   543                           	psect	text1
   544  06E3                     __ptext1:	
   545 ;; *************** function _inicializacao *****************
   546 ;; Defined at:
   547 ;;		line 23 in file "newfile.c"
   548 ;; Parameters:    Size  Location     Type
   549 ;;		None
   550 ;; Auto vars:     Size  Location     Type
   551 ;;		None
   552 ;; Return value:  Size  Location     Type
   553 ;;                  1    wreg      void 
   554 ;; Registers used:
   555 ;;		wreg, status,2, status,0, pclath, cstack
   556 ;; Tracked objects:
   557 ;;		On entry : B00/0
   558 ;;		On exit  : B00/100
   559 ;;		Unchanged: 800/0
   560 ;; Data sizes:     COMMON   BANK0   BANK1   BANK3   BANK2
   561 ;;      Params:         0       0       0       0       0
   562 ;;      Locals:         0       0       0       0       0
   563 ;;      Temps:          0       0       0       0       0
   564 ;;      Totals:         0       0       0       0       0
   565 ;;Total ram usage:        0 bytes
   566 ;; Hardware stack levels used:    1
   567 ;; Hardware stack levels required when called:    1
   568 ;; This function calls:
   569 ;;		_ADC_inicio
   570 ;; This function is called by:
   571 ;;		_main
   572 ;; This function uses a non-reentrant model
   573 ;;
   574                           
   575                           
   576                           ;psect for function _inicializacao
   577  06E3                     _inicializacao:	
   578                           
   579                           ;newfile.c: 24: TRISA = 0xFF;
   580                           
   581                           ;incstack = 0
   582                           ; Regs used in _inicializacao: [wreg+status,2+status,0+pclath+cstack]
   583  06E3  30FF               	movlw	255
   584  06E4  1683               	bsf	3,5	;RP0=1, select bank1
   585  06E5  0085               	movwf	5	;volatile
   586                           
   587                           ;newfile.c: 25: TRISD = 0x00;
   588  06E6  0188               	clrf	8	;volatile
   589                           
   590                           ;newfile.c: 26: ADC_inicio();
   591  06E7  120A  118A  26DC   	fcall	_ADC_inicio
   592  06EA  0008               	return
   593  06EB                     __end_of_inicializacao:	
   594                           
   595                           	psect	text2
   596  06DC                     __ptext2:	
   597 ;; *************** function _ADC_inicio *****************
   598 ;; Defined at:
   599 ;;		line 7 in file "newfile.c"
   600 ;; Parameters:    Size  Location     Type
   601 ;;		None
   602 ;; Auto vars:     Size  Location     Type
   603 ;;		None
   604 ;; Return value:  Size  Location     Type
   605 ;;                  1    wreg      void 
   606 ;; Registers used:
   607 ;;		wreg
   608 ;; Tracked objects:
   609 ;;		On entry : B00/100
   610 ;;		On exit  : B00/100
   611 ;;		Unchanged: 800/0
   612 ;; Data sizes:     COMMON   BANK0   BANK1   BANK3   BANK2
   613 ;;      Params:         0       0       0       0       0
   614 ;;      Locals:         0       0       0       0       0
   615 ;;      Temps:          0       0       0       0       0
   616 ;;      Totals:         0       0       0       0       0
   617 ;;Total ram usage:        0 bytes
   618 ;; Hardware stack levels used:    1
   619 ;; This function calls:
   620 ;;		Nothing
   621 ;; This function is called by:
   622 ;;		_inicializacao
   623 ;; This function uses a non-reentrant model
   624 ;;
   625                           
   626                           
   627                           ;psect for function _ADC_inicio
   628  06DC                     _ADC_inicio:	
   629                           
   630                           ;newfile.c: 8: ADCON0 = 0x81;
   631                           
   632                           ;incstack = 0
   633                           ; Regs used in _ADC_inicio: [wreg]
   634  06DC  3081               	movlw	129
   635  06DD  1283               	bcf	3,5	;RP0=0, select bank0
   636  06DE  009F               	movwf	31	;volatile
   637                           
   638                           ;newfile.c: 9: ADCON1 = 0x80;
   639  06DF  3080               	movlw	128
   640  06E0  1683               	bsf	3,5	;RP0=1, select bank1
   641  06E1  009F               	movwf	31	;volatile
   642  06E2  0008               	return
   643  06E3                     __end_of_ADC_inicio:	
   644                           
   645                           	psect	text3
   646  06EB                     __ptext3:	
   647 ;; *************** function ___wmul *****************
   648 ;; Defined at:
   649 ;;		line 15 in file "C:\Program Files (x86)\Microchip\xc8\v2.05\pic\sources\c90\common\Umul16.c"
   650 ;; Parameters:    Size  Location     Type
   651 ;;  multiplier      2    0[COMMON] unsigned int 
   652 ;;  multiplicand    2    2[COMMON] unsigned int 
   653 ;; Auto vars:     Size  Location     Type
   654 ;;  product         2    4[COMMON] unsigned int 
   655 ;; Return value:  Size  Location     Type
   656 ;;                  2    0[COMMON] unsigned int 
   657 ;; Registers used:
   658 ;;		wreg, status,2, status,0
   659 ;; Tracked objects:
   660 ;;		On entry : 0/100
   661 ;;		On exit  : 0/0
   662 ;;		Unchanged: 0/0
   663 ;; Data sizes:     COMMON   BANK0   BANK1   BANK3   BANK2
   664 ;;      Params:         4       0       0       0       0
   665 ;;      Locals:         2       0       0       0       0
   666 ;;      Temps:          0       0       0       0       0
   667 ;;      Totals:         6       0       0       0       0
   668 ;;Total ram usage:        6 bytes
   669 ;; Hardware stack levels used:    1
   670 ;; This function calls:
   671 ;;		Nothing
   672 ;; This function is called by:
   673 ;;		_main
   674 ;; This function uses a non-reentrant model
   675 ;;
   676                           
   677                           
   678                           ;psect for function ___wmul
   679  06EB                     ___wmul:	
   680                           
   681                           ;incstack = 0
   682                           ; Regs used in ___wmul: [wreg+status,2+status,0]
   683  06EB  01F4               	clrf	___wmul@product
   684  06EC  01F5               	clrf	___wmul@product+1
   685  06ED                     l668:	
   686  06ED  1C70               	btfss	___wmul@multiplier,0
   687  06EE  2EF5               	goto	l139
   688  06EF  0872               	movf	___wmul@multiplicand,w
   689  06F0  07F4               	addwf	___wmul@product,f
   690  06F1  1803               	skipnc
   691  06F2  0AF5               	incf	___wmul@product+1,f
   692  06F3  0873               	movf	___wmul@multiplicand+1,w
   693  06F4  07F5               	addwf	___wmul@product+1,f
   694  06F5                     l139:	
   695  06F5  3001               	movlw	1
   696  06F6                     u185:	
   697  06F6  1003               	clrc
   698  06F7  0DF2               	rlf	___wmul@multiplicand,f
   699  06F8  0DF3               	rlf	___wmul@multiplicand+1,f
   700  06F9  3EFF               	addlw	-1
   701  06FA  1D03               	skipz
   702  06FB  2EF6               	goto	u185
   703  06FC  3001               	movlw	1
   704  06FD                     u195:	
   705  06FD  1003               	clrc
   706  06FE  0CF1               	rrf	___wmul@multiplier+1,f
   707  06FF  0CF0               	rrf	___wmul@multiplier,f
   708  0700  3EFF               	addlw	-1
   709  0701  1D03               	skipz
   710  0702  2EFD               	goto	u195
   711  0703  0870               	movf	___wmul@multiplier,w
   712  0704  0471               	iorwf	___wmul@multiplier+1,w
   713  0705  1D03               	btfss	3,2
   714  0706  2EED               	goto	l668
   715  0707  0875               	movf	___wmul@product+1,w
   716  0708  00F1               	movwf	?___wmul+1
   717  0709  0874               	movf	___wmul@product,w
   718  070A  00F0               	movwf	?___wmul
   719  070B  0008               	return
   720  070C                     __end_of___wmul:	
   721                           
   722                           	psect	text4
   723  070C                     __ptext4:	
   724 ;; *************** function _ADC_leitura *****************
   725 ;; Defined at:
   726 ;;		line 12 in file "newfile.c"
   727 ;; Parameters:    Size  Location     Type
   728 ;;  canal           1    wreg     unsigned char 
   729 ;; Auto vars:     Size  Location     Type
   730 ;;  canal           1    6[COMMON] unsigned char 
   731 ;;  leitura         2    4[COMMON] unsigned int 
   732 ;; Return value:  Size  Location     Type
   733 ;;                  2    0[COMMON] unsigned int 
   734 ;; Registers used:
   735 ;;		wreg, status,2, status,0
   736 ;; Tracked objects:
   737 ;;		On entry : 0/100
   738 ;;		On exit  : 300/100
   739 ;;		Unchanged: 0/0
   740 ;; Data sizes:     COMMON   BANK0   BANK1   BANK3   BANK2
   741 ;;      Params:         2       0       0       0       0
   742 ;;      Locals:         3       0       0       0       0
   743 ;;      Temps:          2       0       0       0       0
   744 ;;      Totals:         7       0       0       0       0
   745 ;;Total ram usage:        7 bytes
   746 ;; Hardware stack levels used:    1
   747 ;; This function calls:
   748 ;;		Nothing
   749 ;; This function is called by:
   750 ;;		_main
   751 ;; This function uses a non-reentrant model
   752 ;;
   753                           
   754                           
   755                           ;psect for function _ADC_leitura
   756  070C                     _ADC_leitura:	
   757                           
   758                           ;incstack = 0
   759                           ; Regs used in _ADC_leitura: [wreg+status,2+status,0]
   760                           ;ADC_leitura@canal stored from wreg
   761  070C  00F6               	movwf	ADC_leitura@canal
   762                           
   763                           ;newfile.c: 13: unsigned int leitura;;newfile.c: 14: ADCON0 = ADCON0 & 0xC7;
   764  070D  1283               	bcf	3,5	;RP0=0, select bank0
   765  070E  1303               	bcf	3,6	;RP1=0, select bank0
   766  070F  081F               	movf	31,w	;volatile
   767  0710  39C7               	andlw	199
   768  0711  009F               	movwf	31	;volatile
   769                           
   770                           ;newfile.c: 16: ADCON0 = ADCON0 | (canal << 3);
   771  0712  0876               	movf	ADC_leitura@canal,w
   772  0713  00F2               	movwf	??_ADC_leitura
   773  0714  3002               	movlw	2
   774  0715                     u155:	
   775  0715  1003               	clrc
   776  0716  0DF2               	rlf	??_ADC_leitura,f
   777  0717  3EFF               	addlw	-1
   778  0718  1D03               	skipz
   779  0719  2F15               	goto	u155
   780  071A  1003               	clrc
   781  071B  0D72               	rlf	??_ADC_leitura,w
   782  071C  041F               	iorwf	31,w	;volatile
   783  071D  009F               	movwf	31	;volatile
   784                           
   785                           ;newfile.c: 17: _delay((unsigned long)((2)*(20000000/4000.0)));
   786  071E  300D               	movlw	13
   787  071F  00F3               	movwf	??_ADC_leitura+1
   788  0720  30FB               	movlw	251
   789  0721  00F2               	movwf	??_ADC_leitura
   790  0722                     u307:	
   791  0722  0BF2               	decfsz	??_ADC_leitura,f
   792  0723  2F22               	goto	u307
   793  0724  0BF3               	decfsz	??_ADC_leitura+1,f
   794  0725  2F22               	goto	u307
   795  0726  2F27               	nop2
   796                           
   797                           ;newfile.c: 18: GO_nDONE = 1;
   798  0727  1283               	bcf	3,5	;RP0=0, select bank0
   799  0728  1303               	bcf	3,6	;RP1=0, select bank0
   800  0729  151F               	bsf	31,2	;volatile
   801  072A                     l24:	
   802                           ;newfile.c: 19: while(GO_nDONE);
   803                           
   804  072A  191F               	btfsc	31,2	;volatile
   805  072B  2F2A               	goto	l24
   806                           
   807                           ;newfile.c: 20: leitura = (ADRESH << 8) + ADRESL;
   808  072C  081E               	movf	30,w	;volatile
   809  072D  00F5               	movwf	ADC_leitura@leitura+1
   810  072E  1683               	bsf	3,5	;RP0=1, select bank1
   811  072F  081E               	movf	30,w	;volatile
   812  0730  00F4               	movwf	ADC_leitura@leitura
   813                           
   814                           ;newfile.c: 21: return leitura;
   815  0731  0875               	movf	ADC_leitura@leitura+1,w
   816  0732  00F1               	movwf	?_ADC_leitura+1
   817  0733  0874               	movf	ADC_leitura@leitura,w
   818  0734  00F0               	movwf	?_ADC_leitura
   819  0735  0008               	return
   820  0736                     __end_of_ADC_leitura:	
   821  007E                     btemp	set	126	;btemp
   822  007E                     wtemp0	set	126


Data Sizes:
    Strings     0
    Constant    0
    Data        0
    BSS         0
    Persistent  0
    Stack       0

Auto Spaces:
    Space          Size  Autos    Used
    COMMON           14     14      14
    BANK0            80      0       0
    BANK1            80      0       0
    BANK3            96      0       0
    BANK2            96      0       0

Pointer List with Targets:

    None.

Critical Paths under _main in COMMON

    _main->_ADC_leitura

Critical Paths under _main in BANK0

    None.

Critical Paths under _main in BANK1

    None.

Critical Paths under _main in BANK3

    None.

Critical Paths under _main in BANK2

    None.

Call Graph Tables:

 ---------------------------------------------------------------------------------
 (Depth) Function   	        Calls       Base Space   Used Autos Params    Refs
 ---------------------------------------------------------------------------------
 (0) _main                                                 7     7      0     915
                                              7 COMMON     7     7      0
                        _ADC_leitura
                             ___wmul
                      _inicializacao
 ---------------------------------------------------------------------------------
 (1) _inicializacao                                        0     0      0       0
                         _ADC_inicio
 ---------------------------------------------------------------------------------
 (2) _ADC_inicio                                           0     0      0       0
 ---------------------------------------------------------------------------------
 (1) ___wmul                                               6     2      4     516
                                              0 COMMON     6     2      4
 ---------------------------------------------------------------------------------
 (1) _ADC_leitura                                          7     5      2      45
                                              0 COMMON     7     5      2
 ---------------------------------------------------------------------------------
 Estimated maximum stack depth 2
 ---------------------------------------------------------------------------------

 Call Graph Graphs:

 _main (ROOT)
   _ADC_leitura
   ___wmul
   _inicializacao
     _ADC_inicio

 Address spaces:
Name               Size   Autos  Total    Cost      Usage
BITCOMMON            E      0       0       0        0.0%
EEDATA             100      0       0       0        0.0%
NULL                 0      0       0       0        0.0%
CODE                 0      0       0       0        0.0%
COMMON               E      E       E       1      100.0%
BITSFR0              0      0       0       1        0.0%
SFR0                 0      0       0       1        0.0%
BITSFR1              0      0       0       2        0.0%
SFR1                 0      0       0       2        0.0%
STACK                0      0       0       2        0.0%
ABS                  0      0       0       3        0.0%
BITBANK0            50      0       0       4        0.0%
BITSFR3              0      0       0       4        0.0%
SFR3                 0      0       0       4        0.0%
BANK0               50      0       0       5        0.0%
BITSFR2              0      0       0       5        0.0%
SFR2                 0      0       0       5        0.0%
BITBANK1            50      0       0       6        0.0%
BANK1               50      0       0       7        0.0%
BITBANK3            60      0       0       8        0.0%
BANK3               60      0       0       9        0.0%
BITBANK2            60      0       0      10        0.0%
BANK2               60      0       0      11        0.0%
DATA                 0      0       0      12        0.0%


Microchip Technology PIC Macro Assembler V2.05 build -831301201 
Symbol Table                                                                                   Tue Sep 03 22:01:39 2019

                     l24 072A                       l37 07EE      ___wmul@multiplicand 0072  
                    l139 06F5                      l700 0790                      l712 07D5  
                    l704 07A7                      l708 07BE                      l668 06ED  
                    l692 0765                      l684 073F                      l696 077C  
                    l688 0753                      u215 074F                      u225 0760  
                    u307 0722                      u155 0715                      u235 0778  
                    u245 078C                      u255 07A3                      u185 06F6  
                    u265 07BA                      u195 06FD                      u275 07D1  
                    u285 07E8                      u297 07F4      __size_of_ADC_inicio 0007  
            main@leitura 007A                     _main 0736                     btemp 007E  
                   start 0000     __size_of_ADC_leitura 002A                    ?_main 0070  
                  _PORTD 0008   __size_of_inicializacao 0008                    _TRISA 0085  
                  _TRISD 0088                    status 0003                    wtemp0 007E  
        __initialization 07FC             __end_of_main 07FC                   ??_main 0077  
                 _ADCON0 001F                   _ADCON1 009F                   _ADRESH 001E  
                 _ADRESL 009E            _inicializacao 06E3             ??_ADC_inicio 0070  
                 ___wmul 06EB       __end_of_ADC_inicio 06E3  __end_of__initialization 07FC  
         ?_inicializacao 0070           __pcstackCOMMON 0070               __pmaintext 0736  
                ?___wmul 0070          ??_inicializacao 0070            ??_ADC_leitura 0072  
        __size_of___wmul 0021                  __ptext1 06E3                  __ptext2 06DC  
                __ptext3 06EB                  __ptext4 070C                  main@aux 007C  
   end_of_initialization 07FC      __end_of_ADC_leitura 0736           __end_of___wmul 070C  
    start_initialization 07FC              _ADC_leitura 070C                 ??___wmul 0074  
              ___latbits 0002         ADC_leitura@canal 0076           ___wmul@product 0074  
  __end_of_inicializacao 06EB                 _GO_nDONE 00FA       ADC_leitura@leitura 0074  
      ___wmul@multiplier 0070               _ADC_inicio 06DC            __size_of_main 00C6  
           ?_ADC_leitura 0070              ?_ADC_inicio 0070  
